<?xml version="1.0" encoding="UTF-8"?>
<!-- Generated by org.testng.reporters.JUnitXMLReporter -->
<testsuite hostname="DESKTOP-B75F35K" ignored="4" name="Default test" tests="27" failures="1" timestamp="04 Jun 2018 06:48:27 GMT" time="530.151" errors="0">
  <testcase name="ValidateLogin" time="46.623" classname="smokeTest.ValidateSmokeTest"/>
  <testcase name="ValidateFavoriteIcon" time="16.258" classname="smokeTest.ValidateSmokeTest"/>
  <testcase name="ValidateSearching" time="8.485" classname="smokeTest.ValidateSmokeTest"/>
  <testcase name="ValidatePDPandAddToCart" time="28.069" classname="smokeTest.ValidateSmokeTest"/>
  <testcase name="ValidateRecentViewLink" time="13.84" classname="smokeTest.ValidateSmokeTest"/>
  <testcase name="ValidateFooterLogo" time="2.738" classname="smokeTest.ValidateSmokeTest"/>
  <testcase name="ValidateMyProfNavigation" time="7.841" classname="smokeTest.ValidateSmokeTest"/>
  <testcase name="ValidateHeaderLogo" time="2.107" classname="smokeTest.ValidateSmokeTest"/>
  <testcase name="ValidateStandardsCatalog" time="5.995" classname="smokeTest.ValidateSmokeTest"/>
  <testcase name="ValidateStandardsCatalogDetail" time="19.647" classname="smokeTest.ValidateSmokeTest"/>
  <testcase name="ValidateAllProduct" time="5.756" classname="smokeTest.ValidateSmokeTest"/>
  <testcase name="ValidateAudioCablesCategory" time="6.962" classname="smokeTest.ValidateSmokeTest"/>
  <testcase name="ValidateResources" time="12.825" classname="smokeTest.ValidateSmokeTest"/>
  <testcase name="ValidateSpecialOffer" time="8.125" classname="smokeTest.ValidateSmokeTest"/>
  <testcase name="ValidateCartPage" time="5.171" classname="smokeTest.ValidateSmokeTest"/>
  <testcase name="ValidateCheckoutProcess" time="67.04" classname="smokeTest.ValidateSmokeTest"/>
  <testcase name="ValidateCheckoutHeaderLogo" time="13.909" classname="smokeTest.ValidateSmokeTest"/>
  <testcase name="ValidateCheckoutFooterLogo" time="2.472" classname="smokeTest.ValidateSmokeTest"/>
  <testcase name="ValidateFooterLinks" time="72.835" classname="smokeTest.ValidateSmokeTest"/>
  <testcase name="ValidateTrackpage" time="16.421" classname="smokeTest.ValidateSmokeTest"/>
  <testcase name="ValidateordersPage" time="50.794" classname="smokeTest.ValidateSmokeTest"/>
  <testcase name="ValidatePurchaseAnalysisPage" time="21.802" classname="smokeTest.ValidateSmokeTest"/>
  <testcase name="ValidatePAEmail" time="1.152" classname="smokeTest.ValidateSmokeTest"/>
  <testcase name="ValidateCalendarPage" time="6.488" classname="smokeTest.ValidateSmokeTest"/>
  <testcase name="ValidateCalendarLinks" time="36.206" classname="smokeTest.ValidateSmokeTest">
    <failure type="org.openqa.selenium.NoSuchElementException" message="no such element: Unable to locate element: {&amp;quot;method&amp;quot;:&amp;quot;xpath&amp;quot;,&amp;quot;selector&amp;quot;:&amp;quot;(//span[text()=&amp;apos;(4) SAMSUNG&amp;apos;])[1]&amp;quot;}
  (Session info: chrome=66.0.3359.181)
  (Driver info: chromedriver=2.36.540470 (e522d04694c7ebea4ba8821272dbef4f9b818c91),platform=Windows NT 10.0.16299 x86_64) (WARNING: The server did not provide any stacktrace information)
Command duration or timeout: 0 milliseconds
For documentation on this error, please visit: http://seleniumhq.org/exceptions/no_such_element.html
Build info: version: &amp;apos;3.8.1&amp;apos;, revision: &amp;apos;6e95a6684b&amp;apos;, time: &amp;apos;2017-12-01T18:33:54.468Z&amp;apos;
System info: host: &amp;apos;DESKTOP-B75F35K&amp;apos;, ip: &amp;apos;10.0.2.15&amp;apos;, os.name: &amp;apos;Windows 10&amp;apos;, os.arch: &amp;apos;amd64&amp;apos;, os.version: &amp;apos;10.0&amp;apos;, java.version: &amp;apos;1.8.0_171&amp;apos;
Driver info: org.openqa.selenium.chrome.ChromeDriver
Capabilities {acceptInsecureCerts: false, acceptSslCerts: false, applicationCacheEnabled: false, browserConnectionEnabled: false, browserName: chrome, chrome: {chromedriverVersion: 2.36.540470 (e522d04694c7eb..., userDataDir: C:\Users\bilaw\AppData\Loca...}, cssSelectorsEnabled: true, databaseEnabled: false, handlesAlerts: true, hasTouchScreen: false, javascriptEnabled: true, locationContextEnabled: true, mobileEmulationEnabled: false, nativeEvents: true, networkConnectionEnabled: false, pageLoadStrategy: normal, platform: XP, platformName: XP, rotatable: false, setWindowRect: true, takesHeapSnapshot: true, takesScreenshot: true, unexpectedAlertBehaviour: , unhandledPromptBehavior: , version: 66.0.3359.181, webStorageEnabled: true}
Session ID: 2e25e5de03ab363372171af28ea25093
*** Element info: {Using=xpath, value=(//span[text()=&amp;apos;(4) SAMSUNG&amp;apos;])[1]}">
      <![CDATA[org.openqa.selenium.NoSuchElementException: no such element: Unable to locate element: {"method":"xpath","selector":"(//span[text()='(4) SAMSUNG'])[1]"}  (Session info: chrome=66.0.3359.181)  (Driver info: chromedriver=2.36.540470 (e522d04694c7ebea4ba8821272dbef4f9b818c91),platform=Windows NT 10.0.16299 x86_64) (WARNING: The server did not provide any stacktrace information)Command duration or timeout: 0 millisecondsFor documentation on this error, please visit: http://seleniumhq.org/exceptions/no_such_element.htmlBuild info: version: '3.8.1', revision: '6e95a6684b', time: '2017-12-01T18:33:54.468Z'System info: host: 'DESKTOP-B75F35K', ip: '10.0.2.15', os.name: 'Windows 10', os.arch: 'amd64', os.version: '10.0', java.version: '1.8.0_171'Driver info: org.openqa.selenium.chrome.ChromeDriverCapabilities {acceptInsecureCerts: false, acceptSslCerts: false, applicationCacheEnabled: false, browserConnectionEnabled: false, browserName: chrome, chrome: {chromedriverVersion: 2.36.540470 (e522d04694c7eb..., userDataDir: C:\Users\bilaw\AppData\Loca...}, cssSelectorsEnabled: true, databaseEnabled: false, handlesAlerts: true, hasTouchScreen: false, javascriptEnabled: true, locationContextEnabled: true, mobileEmulationEnabled: false, nativeEvents: true, networkConnectionEnabled: false, pageLoadStrategy: normal, platform: XP, platformName: XP, rotatable: false, setWindowRect: true, takesHeapSnapshot: true, takesScreenshot: true, unexpectedAlertBehaviour: , unhandledPromptBehavior: , version: 66.0.3359.181, webStorageEnabled: true}Session ID: 2e25e5de03ab363372171af28ea25093*** Element info: {Using=xpath, value=(//span[text()='(4) SAMSUNG'])[1]}at sun.reflect.NativeConstructorAccessorImpl.newInstance0(Native Method)at sun.reflect.NativeConstructorAccessorImpl.newInstance(Unknown Source)at sun.reflect.DelegatingConstructorAccessorImpl.newInstance(Unknown Source)at java.lang.reflect.Constructor.newInstance(Unknown Source)at org.openqa.selenium.remote.ErrorHandler.createThrowable(ErrorHandler.java:214)at org.openqa.selenium.remote.ErrorHandler.throwIfResponseFailed(ErrorHandler.java:166)at org.openqa.selenium.remote.http.JsonHttpResponseCodec.reconstructValue(JsonHttpResponseCodec.java:40)at org.openqa.selenium.remote.http.AbstractHttpResponseCodec.decode(AbstractHttpResponseCodec.java:80)at org.openqa.selenium.remote.http.AbstractHttpResponseCodec.decode(AbstractHttpResponseCodec.java:44)at org.openqa.selenium.remote.HttpCommandExecutor.execute(HttpCommandExecutor.java:164)at org.openqa.selenium.remote.service.DriverCommandExecutor.execute(DriverCommandExecutor.java:83)at org.openqa.selenium.remote.RemoteWebDriver.execute(RemoteWebDriver.java:601)at org.openqa.selenium.remote.RemoteWebDriver.findElement(RemoteWebDriver.java:371)at org.openqa.selenium.remote.RemoteWebDriver.findElementByXPath(RemoteWebDriver.java:473)at org.openqa.selenium.By$ByXPath.findElement(By.java:361)at org.openqa.selenium.remote.RemoteWebDriver.findElement(RemoteWebDriver.java:363)at smokeTest.ValidateSmokeTest.ValidateCalendarLinks(ValidateSmokeTest.java:988)at sun.reflect.NativeMethodAccessorImpl.invoke0(Native Method)at sun.reflect.NativeMethodAccessorImpl.invoke(Unknown Source)at sun.reflect.DelegatingMethodAccessorImpl.invoke(Unknown Source)at java.lang.reflect.Method.invoke(Unknown Source)at org.testng.internal.MethodInvocationHelper.invokeMethod(MethodInvocationHelper.java:124)at org.testng.internal.Invoker.invokeMethod(Invoker.java:571)at org.testng.internal.Invoker.invokeTestMethod(Invoker.java:707)at org.testng.internal.Invoker.invokeTestMethods(Invoker.java:979)at org.testng.internal.TestMethodWorker.invokeTestMethods(TestMethodWorker.java:125)at org.testng.internal.TestMethodWorker.run(TestMethodWorker.java:109)at org.testng.TestRunner.privateRun(TestRunner.java:648)at org.testng.TestRunner.run(TestRunner.java:505)at org.testng.SuiteRunner.runTest(SuiteRunner.java:455)at org.testng.SuiteRunner.runSequentially(SuiteRunner.java:450)at org.testng.SuiteRunner.privateRun(SuiteRunner.java:415)at org.testng.SuiteRunner.run(SuiteRunner.java:364)at org.testng.SuiteRunnerWorker.runSuite(SuiteRunnerWorker.java:52)at org.testng.SuiteRunnerWorker.run(SuiteRunnerWorker.java:84)at org.testng.TestNG.runSuitesSequentially(TestNG.java:1187)at org.testng.TestNG.runSuitesLocally(TestNG.java:1116)at org.testng.TestNG.runSuites(TestNG.java:1028)at org.testng.TestNG.run(TestNG.java:996)at org.testng.remote.AbstractRemoteTestNG.run(AbstractRemoteTestNG.java:114)at org.testng.remote.RemoteTestNG.initAndRun(RemoteTestNG.java:251)at org.testng.remote.RemoteTestNG.main(RemoteTestNG.java:77)]]>
    </failure>
  </testcase> <!-- ValidateCalendarLinks -->
  <testcase name="ValidateSavedReports" time="4.687" classname="smokeTest.ValidateSmokeTest"/>
  <testcase name="ValidateCompaePage" time="42.426" classname="smokeTest.ValidateSmokeTest"/>
  <testcase name="ValidateRemoveFromCart" time="0.0" classname="smokeTest.ValidateSmokeTest">
    <ignored/>
  </testcase> <!-- ValidateRemoveFromCart -->
  <testcase name="ValidateAddTofavorites" time="0.0" classname="smokeTest.ValidateSmokeTest">
    <ignored/>
  </testcase> <!-- ValidateAddTofavorites -->
  <testcase name="ValidateAllReportsLinks" time="0.0" classname="smokeTest.ValidateSmokeTest">
    <ignored/>
  </testcase> <!-- ValidateAllReportsLinks -->
  <testcase name="ValidateAddToCart" time="0.0" classname="smokeTest.ValidateSmokeTest">
    <ignored/>
  </testcase> <!-- ValidateAddToCart -->
</testsuite> <!-- Default test -->
