<?xml version="1.0" encoding="UTF-8"?>
<testsuite xmlns:xsi="http://www.w3.org/2001/XMLSchema-instance" xsi:noNamespaceSchemaLocation="https://maven.apache.org/surefire/maven-surefire-plugin/xsd/surefire-test-report.xsd" name="TestSuite" time="602.567" tests="30" errors="0" skipped="0" failures="2">
  <properties>
[...]
</properties>
  <testcase name="ValidateLogin" classname="smokeTest.ValidateSmokeTest" time="43.922"/>
  <testcase name="ValidateFavoriteIcon" classname="smokeTest.ValidateSmokeTest" time="27.106"/>
  <testcase name="ValidateSearching" classname="smokeTest.ValidateSmokeTest" time="17.521"/>
  <testcase name="ValidateAddToCart" classname="smokeTest.ValidateSmokeTest" time="20.105"/>
  <testcase name="ValidatePDP" classname="smokeTest.ValidateSmokeTest" time="10.861"/>
  <testcase name="ValidateRecentViewLink" classname="smokeTest.ValidateSmokeTest" time="3.286"/>
  <testcase name="ValidateFooterLogo" classname="smokeTest.ValidateSmokeTest" time="1.896"/>
  <testcase name="ValidateMyProfNavigation" classname="smokeTest.ValidateSmokeTest" time="6.942"/>
  <testcase name="ValidateHeaderLogo" classname="smokeTest.ValidateSmokeTest" time="2.726"/>
  <testcase name="ValidateStandardsCatalog" classname="smokeTest.ValidateSmokeTest" time="3.378"/>
  <testcase name="ValidateStandardsCatalogDetail" classname="smokeTest.ValidateSmokeTest" time="16.849">
    <failure message="expected [Standard - MarkITplace] but found [HP Officejet Pro 8710 All-in-One - Multifunction printer - MarkITplace]" type="java.lang.AssertionError">java.lang.AssertionError: expected [Standard - MarkITplace] but found [HP Officejet Pro 8710 All-in-One - Multifunction printer - MarkITplace]
	at smokeTest.ValidateSmokeTest.ValidateStandardsCatalogDetail(ValidateSmokeTest.java:447)
</failure>
  </testcase>
  <testcase name="ValidateAllProduct" classname="smokeTest.ValidateSmokeTest" time="7.068"/>
  <testcase name="ValidateAudioCablesCategory" classname="smokeTest.ValidateSmokeTest" time="26.499"/>
  <testcase name="ValidateResources" classname="smokeTest.ValidateSmokeTest" time="12.31"/>
  <testcase name="ValidateSpecialOffer" classname="smokeTest.ValidateSmokeTest" time="7.867"/>
  <testcase name="ValidateCartPage" classname="smokeTest.ValidateSmokeTest" time="4.716"/>
  <testcase name="ValidateRemoveFromCart" classname="smokeTest.ValidateSmokeTest" time="8.134"/>
  <testcase name="ValidateCheckoutProcess" classname="smokeTest.ValidateSmokeTest" time="20.188">
    <failure message="no such element: Unable to locate element: {&quot;method&quot;:&quot;xpath&quot;,&quot;selector&quot;:&quot;//input[@id=&apos;tbPO&apos;]&quot;}&#10;  (Session info: chrome=66.0.3359.139)&#10;  (Driver info: chromedriver=2.36.540470 (e522d04694c7ebea4ba8821272dbef4f9b818c91),platform=Windows NT 10.0.16299 x86_64) (WARNING: The server did not provide any stacktrace information)&#10;Command duration or timeout: 0 milliseconds&#10;For documentation on this error, please visit: http://seleniumhq.org/exceptions/no_such_element.html&#10;Build info: version: &apos;3.8.1&apos;, revision: &apos;6e95a6684b&apos;, time: &apos;2017-12-01T18:33:54.468Z&apos;&#10;System info: host: &apos;DESKTOP-GAH683G&apos;, ip: &apos;10.0.2.15&apos;, os.name: &apos;Windows 10&apos;, os.arch: &apos;amd64&apos;, os.version: &apos;10.0&apos;, java.version: &apos;9.0.1&apos;&#10;Driver info: org.openqa.selenium.chrome.ChromeDriver&#10;Capabilities {acceptInsecureCerts: false, acceptSslCerts: false, applicationCacheEnabled: false, browserConnectionEnabled: false, browserName: chrome, chrome: {chromedriverVersion: 2.36.540470 (e522d04694c7eb..., userDataDir: C:\Windows\TEMP\scoped_dir1...}, cssSelectorsEnabled: true, databaseEnabled: false, handlesAlerts: true, hasTouchScreen: false, javascriptEnabled: true, locationContextEnabled: true, mobileEmulationEnabled: false, nativeEvents: true, networkConnectionEnabled: false, pageLoadStrategy: normal, platform: XP, platformName: XP, rotatable: false, setWindowRect: true, takesHeapSnapshot: true, takesScreenshot: true, unexpectedAlertBehaviour: , unhandledPromptBehavior: , version: 66.0.3359.139, webStorageEnabled: true}&#10;Session ID: 7e21869616c9c873e4c647cd62a714ff&#10;*** Element info: {Using=xpath, value=//input[@id=&apos;tbPO&apos;]}" type="org.openqa.selenium.NoSuchElementException">org.openqa.selenium.NoSuchElementException: 
no such element: Unable to locate element: {"method":"xpath","selector":"//input[@id='tbPO']"}
  (Session info: chrome=66.0.3359.139)
  (Driver info: chromedriver=2.36.540470 (e522d04694c7ebea4ba8821272dbef4f9b818c91),platform=Windows NT 10.0.16299 x86_64) (WARNING: The server did not provide any stacktrace information)
Command duration or timeout: 0 milliseconds
For documentation on this error, please visit: http://seleniumhq.org/exceptions/no_such_element.html
Build info: version: '3.8.1', revision: '6e95a6684b', time: '2017-12-01T18:33:54.468Z'
System info: host: 'DESKTOP-GAH683G', ip: '10.0.2.15', os.name: 'Windows 10', os.arch: 'amd64', os.version: '10.0', java.version: '9.0.1'
Driver info: org.openqa.selenium.chrome.ChromeDriver
Capabilities {acceptInsecureCerts: false, acceptSslCerts: false, applicationCacheEnabled: false, browserConnectionEnabled: false, browserName: chrome, chrome: {chromedriverVersion: 2.36.540470 (e522d04694c7eb..., userDataDir: C:\Windows\TEMP\scoped_dir1...}, cssSelectorsEnabled: true, databaseEnabled: false, handlesAlerts: true, hasTouchScreen: false, javascriptEnabled: true, locationContextEnabled: true, mobileEmulationEnabled: false, nativeEvents: true, networkConnectionEnabled: false, pageLoadStrategy: normal, platform: XP, platformName: XP, rotatable: false, setWindowRect: true, takesHeapSnapshot: true, takesScreenshot: true, unexpectedAlertBehaviour: , unhandledPromptBehavior: , version: 66.0.3359.139, webStorageEnabled: true}
Session ID: 7e21869616c9c873e4c647cd62a714ff
*** Element info: {Using=xpath, value=//input[@id='tbPO']}
	at smokeTest.ValidateSmokeTest.ValidateCheckoutProcess(ValidateSmokeTest.java:588)
</failure>
  </testcase>
  <testcase name="ValidateCheckoutHeaderLogo" classname="smokeTest.ValidateSmokeTest" time="15.031"/>
  <testcase name="ValidateCheckoutFooterLogo" classname="smokeTest.ValidateSmokeTest" time="3.009"/>
  <testcase name="ValidateFooterLinks" classname="smokeTest.ValidateSmokeTest" time="16.884"/>
  <testcase name="ValidateTrackpage" classname="smokeTest.ValidateSmokeTest" time="14.206"/>
  <testcase name="ValidateordersPage" classname="smokeTest.ValidateSmokeTest" time="10.836"/>
  <testcase name="ValidatePurchaseAnalysisPage" classname="smokeTest.ValidateSmokeTest" time="17.493"/>
  <testcase name="ValidatePAEmail" classname="smokeTest.ValidateSmokeTest" time="0.97"/>
  <testcase name="ValidateCalendarPage" classname="smokeTest.ValidateSmokeTest" time="5.063"/>
  <testcase name="ValidateCalendarLinks" classname="smokeTest.ValidateSmokeTest" time="20.195"/>
  <testcase name="ValidateAllReportsLinks" classname="smokeTest.ValidateSmokeTest" time="215.547"/>
  <testcase name="ValidateSavedReports" classname="smokeTest.ValidateSmokeTest" time="5.478"/>
  <testcase name="ValidateCompaePage" classname="smokeTest.ValidateSmokeTest" time="33.083"/>
</testsuite>