<?xml version="1.0" encoding="UTF-8"?>
<testng-results skipped="0" failed="2" ignored="4" total="31" passed="25">
  <reporter-output>
  </reporter-output>
  <suite name="Default suite" duration-ms="447157" started-at="2018-10-19T18:16:31Z" finished-at="2018-10-19T18:23:58Z">
    <groups>
    </groups>
    <test name="Default test" duration-ms="447157" started-at="2018-10-19T18:16:31Z" finished-at="2018-10-19T18:23:58Z">
      <class name="smokeTest.ValidateSmokeTest">
        <test-method status="PASS" signature="ValidateLogin()[pri:0, instance:smokeTest.ValidateSmokeTest@7c0c77c7]" name="ValidateLogin" duration-ms="39194" started-at="2018-10-19T23:16:31Z" finished-at="2018-10-19T23:17:10Z">
          <reporter-output>
          </reporter-output>
        </test-method> <!-- ValidateLogin -->
        <test-method status="PASS" signature="ValidateFavoriteIcon()[pri:1, instance:smokeTest.ValidateSmokeTest@7c0c77c7]" name="ValidateFavoriteIcon" duration-ms="16067" started-at="2018-10-19T23:17:10Z" finished-at="2018-10-19T23:17:26Z">
          <reporter-output>
          </reporter-output>
        </test-method> <!-- ValidateFavoriteIcon -->
        <test-method status="PASS" signature="ValidateSearching()[pri:2, instance:smokeTest.ValidateSmokeTest@7c0c77c7]" name="ValidateSearching" duration-ms="8862" started-at="2018-10-19T23:17:26Z" finished-at="2018-10-19T23:17:35Z">
          <reporter-output>
          </reporter-output>
        </test-method> <!-- ValidateSearching -->
        <test-method status="PASS" signature="ValidatePDPandAddToCart()[pri:5, instance:smokeTest.ValidateSmokeTest@7c0c77c7]" name="ValidatePDPandAddToCart" duration-ms="30123" started-at="2018-10-19T23:17:35Z" finished-at="2018-10-19T23:18:05Z">
          <reporter-output>
          </reporter-output>
        </test-method> <!-- ValidatePDPandAddToCart -->
        <test-method status="PASS" signature="ValidateRecentViewLink()[pri:6, instance:smokeTest.ValidateSmokeTest@7c0c77c7]" name="ValidateRecentViewLink" duration-ms="21181" started-at="2018-10-19T23:18:05Z" finished-at="2018-10-19T23:18:26Z">
          <reporter-output>
          </reporter-output>
        </test-method> <!-- ValidateRecentViewLink -->
        <test-method status="PASS" signature="ValidateFooterLogo()[pri:7, instance:smokeTest.ValidateSmokeTest@7c0c77c7]" name="ValidateFooterLogo" duration-ms="3314" started-at="2018-10-19T23:18:26Z" finished-at="2018-10-19T23:18:30Z">
          <reporter-output>
          </reporter-output>
        </test-method> <!-- ValidateFooterLogo -->
        <test-method status="PASS" signature="ValidateMyProfNavigation()[pri:8, instance:smokeTest.ValidateSmokeTest@7c0c77c7]" name="ValidateMyProfNavigation" duration-ms="5568" started-at="2018-10-19T23:18:30Z" finished-at="2018-10-19T23:18:35Z">
          <reporter-output>
          </reporter-output>
        </test-method> <!-- ValidateMyProfNavigation -->
        <test-method status="PASS" signature="ValidateHeaderLogo()[pri:9, instance:smokeTest.ValidateSmokeTest@7c0c77c7]" name="ValidateHeaderLogo" duration-ms="2480" started-at="2018-10-19T23:18:35Z" finished-at="2018-10-19T23:18:38Z">
          <reporter-output>
          </reporter-output>
        </test-method> <!-- ValidateHeaderLogo -->
        <test-method status="PASS" signature="ValidateStandardsCatalog()[pri:10, instance:smokeTest.ValidateSmokeTest@7c0c77c7]" name="ValidateStandardsCatalog" duration-ms="3487" started-at="2018-10-19T23:18:38Z" finished-at="2018-10-19T23:18:41Z">
          <reporter-output>
          </reporter-output>
        </test-method> <!-- ValidateStandardsCatalog -->
        <test-method status="FAIL" signature="ValidateStandardsCatalogDetail()[pri:11, instance:smokeTest.ValidateSmokeTest@7c0c77c7]" name="ValidateStandardsCatalogDetail" duration-ms="18217" started-at="2018-10-19T23:18:41Z" finished-at="2018-10-19T23:18:59Z">
          <exception class="java.lang.AssertionError">
            <message>
              <![CDATA[expected [HP Officejet Pro 8710 All-in-One - Multifunction printer - MarkITplace] but found [HP LaserJet Pro M402dne - Printer - MarkITplace]]]>
            </message>
            <full-stacktrace>
              <![CDATA[java.lang.AssertionError: expected [HP Officejet Pro 8710 All-in-One - Multifunction printer - MarkITplace] but found [HP LaserJet Pro M402dne - Printer - MarkITplace]at org.testng.Assert.fail(Assert.java:96)at org.testng.Assert.failNotEquals(Assert.java:776)at org.testng.Assert.assertEqualsImpl(Assert.java:137)at org.testng.Assert.assertEquals(Assert.java:118)at org.testng.Assert.assertEquals(Assert.java:453)at org.testng.Assert.assertEquals(Assert.java:463)at smokeTest.ValidateSmokeTest.ValidateStandardsCatalogDetail(ValidateSmokeTest.java:467)at sun.reflect.NativeMethodAccessorImpl.invoke0(Native Method)at sun.reflect.NativeMethodAccessorImpl.invoke(Unknown Source)at sun.reflect.DelegatingMethodAccessorImpl.invoke(Unknown Source)at java.lang.reflect.Method.invoke(Unknown Source)at org.testng.internal.MethodInvocationHelper.invokeMethod(MethodInvocationHelper.java:124)at org.testng.internal.Invoker.invokeMethod(Invoker.java:571)at org.testng.internal.Invoker.invokeTestMethod(Invoker.java:707)at org.testng.internal.Invoker.invokeTestMethods(Invoker.java:979)at org.testng.internal.TestMethodWorker.invokeTestMethods(TestMethodWorker.java:125)at org.testng.internal.TestMethodWorker.run(TestMethodWorker.java:109)at org.testng.TestRunner.privateRun(TestRunner.java:648)at org.testng.TestRunner.run(TestRunner.java:505)at org.testng.SuiteRunner.runTest(SuiteRunner.java:455)at org.testng.SuiteRunner.runSequentially(SuiteRunner.java:450)at org.testng.SuiteRunner.privateRun(SuiteRunner.java:415)at org.testng.SuiteRunner.run(SuiteRunner.java:364)at org.testng.SuiteRunnerWorker.runSuite(SuiteRunnerWorker.java:52)at org.testng.SuiteRunnerWorker.run(SuiteRunnerWorker.java:84)at org.testng.TestNG.runSuitesSequentially(TestNG.java:1187)at org.testng.TestNG.runSuitesLocally(TestNG.java:1116)at org.testng.TestNG.runSuites(TestNG.java:1028)at org.testng.TestNG.run(TestNG.java:996)at org.testng.remote.AbstractRemoteTestNG.run(AbstractRemoteTestNG.java:114)at org.testng.remote.RemoteTestNG.initAndRun(RemoteTestNG.java:251)at org.testng.remote.RemoteTestNG.main(RemoteTestNG.java:77)]]>
            </full-stacktrace>
          </exception> <!-- java.lang.AssertionError -->
          <reporter-output>
          </reporter-output>
        </test-method> <!-- ValidateStandardsCatalogDetail -->
        <test-method status="PASS" signature="ValidateAllProduct()[pri:12, instance:smokeTest.ValidateSmokeTest@7c0c77c7]" name="ValidateAllProduct" duration-ms="5126" started-at="2018-10-19T23:18:59Z" finished-at="2018-10-19T23:19:04Z">
          <reporter-output>
          </reporter-output>
        </test-method> <!-- ValidateAllProduct -->
        <test-method status="PASS" signature="ValidateAudioCablesCategory()[pri:13, instance:smokeTest.ValidateSmokeTest@7c0c77c7]" name="ValidateAudioCablesCategory" duration-ms="4125" started-at="2018-10-19T23:19:04Z" finished-at="2018-10-19T23:19:09Z">
          <reporter-output>
          </reporter-output>
        </test-method> <!-- ValidateAudioCablesCategory -->
        <test-method status="PASS" signature="ValidateResources()[pri:14, instance:smokeTest.ValidateSmokeTest@7c0c77c7]" name="ValidateResources" duration-ms="12303" started-at="2018-10-19T23:19:09Z" finished-at="2018-10-19T23:19:21Z">
          <reporter-output>
          </reporter-output>
        </test-method> <!-- ValidateResources -->
        <test-method status="PASS" signature="ValidateSpecialOffer()[pri:15, instance:smokeTest.ValidateSmokeTest@7c0c77c7]" name="ValidateSpecialOffer" duration-ms="9497" started-at="2018-10-19T23:19:21Z" finished-at="2018-10-19T23:19:30Z">
          <reporter-output>
          </reporter-output>
        </test-method> <!-- ValidateSpecialOffer -->
        <test-method status="PASS" signature="ValidateCartPage()[pri:16, instance:smokeTest.ValidateSmokeTest@7c0c77c7]" name="ValidateCartPage" duration-ms="3550" started-at="2018-10-19T23:19:30Z" finished-at="2018-10-19T23:19:34Z">
          <reporter-output>
          </reporter-output>
        </test-method> <!-- ValidateCartPage -->
        <test-method status="FAIL" signature="ValidateCheckoutProcess()[pri:18, instance:smokeTest.ValidateSmokeTest@7c0c77c7]" name="ValidateCheckoutProcess" duration-ms="10098" started-at="2018-10-19T23:19:34Z" finished-at="2018-10-19T23:19:44Z">
          <exception class="org.openqa.selenium.NoSuchElementException">
            <message>
              <![CDATA[no such element: Unable to locate element: {"method":"link text","selector":"Proceed to Checkout"}  (Session info: chrome=69.0.3497.100)  (Driver info: chromedriver=2.36.540470 (e522d04694c7ebea4ba8821272dbef4f9b818c91),platform=Windows NT 10.0.17134 x86_64) (WARNING: The server did not provide any stacktrace information)Command duration or timeout: 0 millisecondsFor documentation on this error, please visit: http://seleniumhq.org/exceptions/no_such_element.htmlBuild info: version: '3.8.1', revision: '6e95a6684b', time: '2017-12-01T18:33:54.468Z'System info: host: 'DESKTOP-B75F35K', ip: '10.0.2.15', os.name: 'Windows 10', os.arch: 'amd64', os.version: '10.0', java.version: '1.8.0_171'Driver info: org.openqa.selenium.chrome.ChromeDriverCapabilities {acceptInsecureCerts: false, acceptSslCerts: false, applicationCacheEnabled: false, browserConnectionEnabled: false, browserName: chrome, chrome: {chromedriverVersion: 2.36.540470 (e522d04694c7eb..., userDataDir: C:\Users\bilaw\AppData\Loca...}, cssSelectorsEnabled: true, databaseEnabled: false, handlesAlerts: true, hasTouchScreen: false, javascriptEnabled: true, locationContextEnabled: true, mobileEmulationEnabled: false, nativeEvents: true, networkConnectionEnabled: false, pageLoadStrategy: normal, platform: XP, platformName: XP, rotatable: false, setWindowRect: true, takesHeapSnapshot: true, takesScreenshot: true, unexpectedAlertBehaviour: , unhandledPromptBehavior: , version: 69.0.3497.100, webStorageEnabled: true}Session ID: 0dba5a0b1f03883583d5c00e68b941b9*** Element info: {Using=link text, value=Proceed to Checkout}]]>
            </message>
            <full-stacktrace>
              <![CDATA[org.openqa.selenium.NoSuchElementException: no such element: Unable to locate element: {"method":"link text","selector":"Proceed to Checkout"}  (Session info: chrome=69.0.3497.100)  (Driver info: chromedriver=2.36.540470 (e522d04694c7ebea4ba8821272dbef4f9b818c91),platform=Windows NT 10.0.17134 x86_64) (WARNING: The server did not provide any stacktrace information)Command duration or timeout: 0 millisecondsFor documentation on this error, please visit: http://seleniumhq.org/exceptions/no_such_element.htmlBuild info: version: '3.8.1', revision: '6e95a6684b', time: '2017-12-01T18:33:54.468Z'System info: host: 'DESKTOP-B75F35K', ip: '10.0.2.15', os.name: 'Windows 10', os.arch: 'amd64', os.version: '10.0', java.version: '1.8.0_171'Driver info: org.openqa.selenium.chrome.ChromeDriverCapabilities {acceptInsecureCerts: false, acceptSslCerts: false, applicationCacheEnabled: false, browserConnectionEnabled: false, browserName: chrome, chrome: {chromedriverVersion: 2.36.540470 (e522d04694c7eb..., userDataDir: C:\Users\bilaw\AppData\Loca...}, cssSelectorsEnabled: true, databaseEnabled: false, handlesAlerts: true, hasTouchScreen: false, javascriptEnabled: true, locationContextEnabled: true, mobileEmulationEnabled: false, nativeEvents: true, networkConnectionEnabled: false, pageLoadStrategy: normal, platform: XP, platformName: XP, rotatable: false, setWindowRect: true, takesHeapSnapshot: true, takesScreenshot: true, unexpectedAlertBehaviour: , unhandledPromptBehavior: , version: 69.0.3497.100, webStorageEnabled: true}Session ID: 0dba5a0b1f03883583d5c00e68b941b9*** Element info: {Using=link text, value=Proceed to Checkout}at sun.reflect.NativeConstructorAccessorImpl.newInstance0(Native Method)at sun.reflect.NativeConstructorAccessorImpl.newInstance(Unknown Source)at sun.reflect.DelegatingConstructorAccessorImpl.newInstance(Unknown Source)at java.lang.reflect.Constructor.newInstance(Unknown Source)at org.openqa.selenium.remote.ErrorHandler.createThrowable(ErrorHandler.java:214)at org.openqa.selenium.remote.ErrorHandler.throwIfResponseFailed(ErrorHandler.java:166)at org.openqa.selenium.remote.http.JsonHttpResponseCodec.reconstructValue(JsonHttpResponseCodec.java:40)at org.openqa.selenium.remote.http.AbstractHttpResponseCodec.decode(AbstractHttpResponseCodec.java:80)at org.openqa.selenium.remote.http.AbstractHttpResponseCodec.decode(AbstractHttpResponseCodec.java:44)at org.openqa.selenium.remote.HttpCommandExecutor.execute(HttpCommandExecutor.java:164)at org.openqa.selenium.remote.service.DriverCommandExecutor.execute(DriverCommandExecutor.java:83)at org.openqa.selenium.remote.RemoteWebDriver.execute(RemoteWebDriver.java:601)at org.openqa.selenium.remote.RemoteWebDriver.findElement(RemoteWebDriver.java:371)at org.openqa.selenium.remote.RemoteWebDriver.findElementByLinkText(RemoteWebDriver.java:425)at org.openqa.selenium.By$ByLinkText.findElement(By.java:246)at org.openqa.selenium.remote.RemoteWebDriver.findElement(RemoteWebDriver.java:363)at pageObjects.CartPage.getCheckoutBtn(CartPage.java:54)at smokeTest.ValidateSmokeTest.ValidateCheckoutProcess(ValidateSmokeTest.java:607)at sun.reflect.NativeMethodAccessorImpl.invoke0(Native Method)at sun.reflect.NativeMethodAccessorImpl.invoke(Unknown Source)at sun.reflect.DelegatingMethodAccessorImpl.invoke(Unknown Source)at java.lang.reflect.Method.invoke(Unknown Source)at org.testng.internal.MethodInvocationHelper.invokeMethod(MethodInvocationHelper.java:124)at org.testng.internal.Invoker.invokeMethod(Invoker.java:571)at org.testng.internal.Invoker.invokeTestMethod(Invoker.java:707)at org.testng.internal.Invoker.invokeTestMethods(Invoker.java:979)at org.testng.internal.TestMethodWorker.invokeTestMethods(TestMethodWorker.java:125)at org.testng.internal.TestMethodWorker.run(TestMethodWorker.java:109)at org.testng.TestRunner.privateRun(TestRunner.java:648)at org.testng.TestRunner.run(TestRunner.java:505)at org.testng.SuiteRunner.runTest(SuiteRunner.java:455)at org.testng.SuiteRunner.runSequentially(SuiteRunner.java:450)at org.testng.SuiteRunner.privateRun(SuiteRunner.java:415)at org.testng.SuiteRunner.run(SuiteRunner.java:364)at org.testng.SuiteRunnerWorker.runSuite(SuiteRunnerWorker.java:52)at org.testng.SuiteRunnerWorker.run(SuiteRunnerWorker.java:84)at org.testng.TestNG.runSuitesSequentially(TestNG.java:1187)at org.testng.TestNG.runSuitesLocally(TestNG.java:1116)at org.testng.TestNG.runSuites(TestNG.java:1028)at org.testng.TestNG.run(TestNG.java:996)at org.testng.remote.AbstractRemoteTestNG.run(AbstractRemoteTestNG.java:114)at org.testng.remote.RemoteTestNG.initAndRun(RemoteTestNG.java:251)at org.testng.remote.RemoteTestNG.main(RemoteTestNG.java:77)]]>
            </full-stacktrace>
          </exception> <!-- org.openqa.selenium.NoSuchElementException -->
          <reporter-output>
          </reporter-output>
        </test-method> <!-- ValidateCheckoutProcess -->
        <test-method status="PASS" signature="ValidateCheckoutHeaderLogo()[pri:19, instance:smokeTest.ValidateSmokeTest@7c0c77c7]" name="ValidateCheckoutHeaderLogo" duration-ms="13401" started-at="2018-10-19T23:19:44Z" finished-at="2018-10-19T23:19:57Z">
          <reporter-output>
          </reporter-output>
        </test-method> <!-- ValidateCheckoutHeaderLogo -->
        <test-method status="PASS" signature="ValidateCheckoutFooterLogo()[pri:20, instance:smokeTest.ValidateSmokeTest@7c0c77c7]" name="ValidateCheckoutFooterLogo" duration-ms="2909" started-at="2018-10-19T23:19:57Z" finished-at="2018-10-19T23:20:00Z">
          <reporter-output>
          </reporter-output>
        </test-method> <!-- ValidateCheckoutFooterLogo -->
        <test-method status="PASS" signature="ValidateFooterLinks()[pri:21, instance:smokeTest.ValidateSmokeTest@7c0c77c7]" name="ValidateFooterLinks" duration-ms="76755" started-at="2018-10-19T23:20:00Z" finished-at="2018-10-19T23:21:17Z">
          <reporter-output>
          </reporter-output>
        </test-method> <!-- ValidateFooterLinks -->
        <test-method status="PASS" signature="ValidateTrackpage()[pri:22, instance:smokeTest.ValidateSmokeTest@7c0c77c7]" name="ValidateTrackpage" duration-ms="11498" started-at="2018-10-19T23:21:17Z" finished-at="2018-10-19T23:21:29Z">
          <reporter-output>
          </reporter-output>
        </test-method> <!-- ValidateTrackpage -->
        <test-method status="PASS" signature="ValidateordersPage()[pri:23, instance:smokeTest.ValidateSmokeTest@7c0c77c7]" name="ValidateordersPage" duration-ms="23305" started-at="2018-10-19T23:21:29Z" finished-at="2018-10-19T23:21:52Z">
          <reporter-output>
          </reporter-output>
        </test-method> <!-- ValidateordersPage -->
        <test-method status="PASS" signature="ValidatePurchaseAnalysisPage()[pri:24, instance:smokeTest.ValidateSmokeTest@7c0c77c7]" name="ValidatePurchaseAnalysisPage" duration-ms="24146" started-at="2018-10-19T23:21:52Z" finished-at="2018-10-19T23:22:16Z">
          <reporter-output>
          </reporter-output>
        </test-method> <!-- ValidatePurchaseAnalysisPage -->
        <test-method status="PASS" signature="ValidatePAEmail()[pri:25, instance:smokeTest.ValidateSmokeTest@7c0c77c7]" name="ValidatePAEmail" duration-ms="1071" started-at="2018-10-19T23:22:16Z" finished-at="2018-10-19T23:22:17Z">
          <reporter-output>
          </reporter-output>
        </test-method> <!-- ValidatePAEmail -->
        <test-method status="PASS" signature="ValidateCalendarPage()[pri:26, instance:smokeTest.ValidateSmokeTest@7c0c77c7]" name="ValidateCalendarPage" duration-ms="8376" started-at="2018-10-19T23:22:17Z" finished-at="2018-10-19T23:22:26Z">
          <reporter-output>
          </reporter-output>
        </test-method> <!-- ValidateCalendarPage -->
        <test-method status="PASS" signature="ValidateCalendarLinks()[pri:27, instance:smokeTest.ValidateSmokeTest@7c0c77c7]" name="ValidateCalendarLinks" duration-ms="32724" started-at="2018-10-19T23:22:26Z" finished-at="2018-10-19T23:22:58Z">
          <reporter-output>
          </reporter-output>
        </test-method> <!-- ValidateCalendarLinks -->
        <test-method status="PASS" signature="ValidateSavedReports()[pri:29, instance:smokeTest.ValidateSmokeTest@7c0c77c7]" name="ValidateSavedReports" duration-ms="11268" started-at="2018-10-19T23:22:58Z" finished-at="2018-10-19T23:23:10Z">
          <reporter-output>
          </reporter-output>
        </test-method> <!-- ValidateSavedReports -->
        <test-method status="PASS" signature="ValidateCompaePage()[pri:30, instance:smokeTest.ValidateSmokeTest@7c0c77c7]" name="ValidateCompaePage" duration-ms="45995" started-at="2018-10-19T23:23:10Z" finished-at="2018-10-19T23:23:56Z">
          <reporter-output>
          </reporter-output>
        </test-method> <!-- ValidateCompaePage -->
        <test-method status="PASS" signature="closebrowser()[pri:0, instance:smokeTest.ValidateSmokeTest@7c0c77c7]" name="closebrowser" is-config="true" duration-ms="2445" started-at="2018-10-19T23:23:56Z" finished-at="2018-10-19T23:23:58Z">
          <reporter-output>
          </reporter-output>
        </test-method> <!-- closebrowser -->
      </class> <!-- smokeTest.ValidateSmokeTest -->
    </test> <!-- Default test -->
  </suite> <!-- Default suite -->
</testng-results>
